23:13:32.083 [main] DEBUG org.apache.poi.openxml4j.opc.PackageRelationshipCollection - Parsing relationship: /xl/_rels/workbook.xml.rels
23:13:32.094 [main] DEBUG org.apache.poi.openxml4j.opc.PackageRelationshipCollection - Parsing relationship: /xl/worksheets/_rels/sheet1.xml.rels
23:13:32.105 [main] DEBUG org.apache.poi.openxml4j.opc.PackageRelationshipCollection - Parsing relationship: /_rels/.rels
23:13:32.237 [main] DEBUG org.apache.poi.openxml4j.opc.PackageRelationshipCollection - Parsing relationship: /xl/_rels/workbook.xml.rels
23:13:32.238 [main] DEBUG org.apache.poi.openxml4j.opc.PackageRelationshipCollection - Parsing relationship: /xl/worksheets/_rels/sheet1.xml.rels
23:13:32.241 [main] DEBUG org.apache.poi.openxml4j.opc.PackageRelationshipCollection - Parsing relationship: /_rels/.rels
23:13:32.312 [main] DEBUG org.apache.poi.openxml4j.opc.PackageRelationshipCollection - Parsing relationship: /xl/_rels/workbook.xml.rels
23:13:32.316 [main] DEBUG org.apache.poi.openxml4j.opc.PackageRelationshipCollection - Parsing relationship: /xl/worksheets/_rels/sheet1.xml.rels
23:13:32.318 [main] DEBUG org.apache.poi.openxml4j.opc.PackageRelationshipCollection - Parsing relationship: /_rels/.rels
23:13:32.432 [main] DEBUG org.apache.poi.openxml4j.opc.PackageRelationshipCollection - Parsing relationship: /xl/_rels/workbook.xml.rels
23:13:32.436 [main] DEBUG org.apache.poi.openxml4j.opc.PackageRelationshipCollection - Parsing relationship: /xl/worksheets/_rels/sheet1.xml.rels
23:13:32.444 [main] DEBUG org.apache.poi.openxml4j.opc.PackageRelationshipCollection - Parsing relationship: /_rels/.rels
23:13:32.528 [main] DEBUG org.apache.poi.openxml4j.opc.PackageRelationshipCollection - Parsing relationship: /xl/_rels/workbook.xml.rels
23:13:32.530 [main] DEBUG org.apache.poi.openxml4j.opc.PackageRelationshipCollection - Parsing relationship: /xl/worksheets/_rels/sheet1.xml.rels
23:13:32.534 [main] DEBUG org.apache.poi.openxml4j.opc.PackageRelationshipCollection - Parsing relationship: /_rels/.rels
23:13:32.608 [main] DEBUG org.apache.poi.openxml4j.opc.PackageRelationshipCollection - Parsing relationship: /xl/_rels/workbook.xml.rels
23:13:32.610 [main] DEBUG org.apache.poi.openxml4j.opc.PackageRelationshipCollection - Parsing relationship: /xl/worksheets/_rels/sheet1.xml.rels
23:13:32.612 [main] DEBUG org.apache.poi.openxml4j.opc.PackageRelationshipCollection - Parsing relationship: /_rels/.rels
23:13:32.656 [main] INFO  testCases.TC003_LoginDDT - ***** Starting TC003_LoginDDT *****
23:13:38.167 [main] INFO  testCases.TC003_LoginDDT - ***** Finished TC003_LoginDDT *****
23:13:38.174 [main] INFO  testCases.TC003_LoginDDT - ***** Starting TC003_LoginDDT *****
23:13:44.383 [main] INFO  testCases.TC003_LoginDDT - ***** Finished TC003_LoginDDT *****
23:13:44.390 [main] INFO  testCases.TC003_LoginDDT - ***** Starting TC003_LoginDDT *****
23:13:49.765 [main] INFO  testCases.TC003_LoginDDT - ***** Finished TC003_LoginDDT *****
23:13:49.772 [main] INFO  testCases.TC003_LoginDDT - ***** Starting TC003_LoginDDT *****
23:14:03.892 [main] INFO  testCases.TC003_LoginDDT - ***** Finished TC003_LoginDDT *****
23:14:03.902 [main] INFO  testCases.TC003_LoginDDT - ***** Starting TC003_LoginDDT *****
23:14:08.787 [main] INFO  testCases.TC003_LoginDDT - ***** Finished TC003_LoginDDT *****
23:14:08.789 [main] INFO  testCases.TC003_LoginDDT - ***** Starting TC003_LoginDDT *****
23:14:23.501 [main] INFO  testCases.TC003_LoginDDT - ***** Finished TC003_LoginDDT *****
23:14:33.748 [main] INFO  testCases.TC004_AddToCartTest - ***** Starting TC004_AddToCartTest *****
23:14:33.750 [main] INFO  testCases.TC004_AddToCartTest - searching for item...
23:14:34.820 [main] INFO  testCases.TC004_AddToCartTest - clicked on search button...
23:14:35.136 [main] INFO  testCases.TC004_AddToCartTest - clicked on add to cart button...
23:14:35.258 [main] INFO  testCases.TC004_AddToCartTest - validating expected msg...
23:14:37.266 [main] INFO  testCases.TC004_AddToCartTest - ***** Finished TC004_AddToCartTest *****
23:14:48.001 [main] INFO  testCases.TC005_CheckOutTest - ***** Starting TC005_CheckOutTest Successfully  *****
23:14:48.004 [main] INFO  testCases.TC005_CheckOutTest - searching for item...
23:14:49.198 [main] INFO  testCases.TC005_CheckOutTest - clicked on search button...
23:14:50.494 [main] INFO  testCases.TC005_CheckOutTest - selecting size...
23:14:52.282 [main] INFO  testCases.TC005_CheckOutTest - selecting checkBox...
23:14:53.568 [main] INFO  testCases.TC005_CheckOutTest - selecting product color...
23:14:55.187 [main] INFO  testCases.TC005_CheckOutTest - providing Text...
23:14:56.322 [main] INFO  testCases.TC005_CheckOutTest - uploading file...
23:15:32.715 [main] INFO  testCases.TC008_SearchProductTest - ***** Starting TC008_SearchProductTest Successfully *****
23:15:32.716 [main] INFO  testCases.TC008_SearchProductTest - typing product name in search bar...
23:15:33.148 [main] INFO  testCases.TC008_SearchProductTest - clicking on search button...
