21:05:33.039 [main] INFO  testCases.TC001_AccountRegistrationTest - Clicked on Register Link
21:05:33.048 [main] INFO  testCases.TC001_AccountRegistrationTest - Proving Customer Details.......
21:05:35.427 [main] INFO  testCases.TC001_AccountRegistrationTest - Validating expected message...
21:05:35.489 [main] INFO  testCases.TC001_AccountRegistrationTest - ***** Finished TC001_AccountRegistrationTest *****
21:05:39.267 [main] INFO  testCases.TC002_LoginTest - ***** Starting TC002_LoginTest *****
21:05:41.378 [main] INFO  testCases.TC002_LoginTest - ***** Finished TC002_LoginTest *****
21:05:44.792 [main] INFO  testCases.TC004_AddToCartTest - ***** Starting TC004_AddToCartTest *****
21:05:44.793 [main] INFO  testCases.TC004_AddToCartTest - searching for item...
21:05:45.439 [main] INFO  testCases.TC004_AddToCartTest - clicked on search button...
21:05:45.573 [main] INFO  testCases.TC004_AddToCartTest - clicked on add to cart button...
21:05:45.882 [main] INFO  testCases.TC004_AddToCartTest - validating expected msg...
21:05:47.902 [main] INFO  testCases.TC004_AddToCartTest - ***** Finished TC004_AddToCartTest *****
21:05:51.262 [main] INFO  testCases.TC005_CheckOutTest - ***** Starting TC005_CheckOutTest Successfully  *****
21:05:51.263 [main] INFO  testCases.TC005_CheckOutTest - searching for item...
21:05:52.038 [main] INFO  testCases.TC005_CheckOutTest - clicked on search button...
21:05:53.186 [main] INFO  testCases.TC005_CheckOutTest - selecting size...
21:05:54.335 [main] INFO  testCases.TC005_CheckOutTest - selecting checkBox...
21:05:55.580 [main] INFO  testCases.TC005_CheckOutTest - selecting product color...
21:05:56.982 [main] INFO  testCases.TC005_CheckOutTest - providing Text...
21:05:58.414 [main] INFO  testCases.TC005_CheckOutTest - uploading file...
21:06:07.474 [main] INFO  testCases.TC005_CheckOutTest - setting Date...
21:06:21.588 [main] INFO  testCases.TC008_SearchProductTest - ***** Starting TC008_SearchProductTest Successfully *****
21:06:21.589 [main] INFO  testCases.TC008_SearchProductTest - typing product name in search bar...
21:06:21.882 [main] INFO  testCases.TC008_SearchProductTest - clicking on search button...
21:06:23.456 [main] INFO  testCases.TC008_SearchProductTest - verifying product is visible or not...
21:06:23.564 [main] INFO  testCases.TC008_SearchProductTest - ***** Finished TC008_SearchProductTest Successfully *****
21:06:27.874 [main] INFO  testCases.TC009_ViewProductDetailsDescriptionTest - ***** Starting TC009_ViewProductDetailsDescriptionTest Successfully *****
21:06:27.876 [main] INFO  testCases.TC009_ViewProductDetailsDescriptionTest - typing product name in search bar...
21:06:28.095 [main] INFO  testCases.TC009_ViewProductDetailsDescriptionTest - clicking on search button...
21:06:29.554 [main] INFO  testCases.TC009_ViewProductDetailsDescriptionTest - verifying product is visible or not...
21:06:29.628 [main] INFO  testCases.TC009_ViewProductDetailsDescriptionTest - clicking on product to get details...
21:06:31.994 [main] INFO  testCases.TC009_ViewProductDetailsDescriptionTest - verifying details are visible or not...
21:06:31.995 [main] INFO  testCases.TC009_ViewProductDetailsDescriptionTest - ***** Starting TC009_ViewProductDetailsDescriptionTest Successfully *****
21:32:16.565 [main] INFO  testCases.TC010_AddMultipleItemsToCartTest - ***** Starting TC010_AddMultipleItemsToCartTest Successfully *****
21:32:16.605 [main] INFO  testCases.TC010_AddMultipleItemsToCartTest - searching for first item...
21:34:48.186 [main] INFO  testCases.TC010_AddMultipleItemsToCartTest - ***** Starting TC010_AddMultipleItemsToCartTest Successfully *****
21:34:49.238 [main] INFO  testCases.TC010_AddMultipleItemsToCartTest - searching for first item...
21:36:25.636 [main] INFO  testCases.TC010_AddMultipleItemsToCartTest - ***** Starting TC010_AddMultipleItemsToCartTest Successfully *****
21:36:26.693 [main] INFO  testCases.TC010_AddMultipleItemsToCartTest - searching for first item...
21:36:28.855 [main] INFO  testCases.TC010_AddMultipleItemsToCartTest - clicked on search button for first item...
21:36:29.974 [main] INFO  testCases.TC010_AddMultipleItemsToCartTest - clicked on add to cart button for first item...
21:36:29.974 [main] INFO  testCases.TC010_AddMultipleItemsToCartTest - searching for second item...
21:36:33.138 [main] INFO  testCases.TC010_AddMultipleItemsToCartTest - clicked on search button for second item...
21:39:55.700 [main] INFO  testCases.TC010_AddMultipleItemsToCartTest - ***** Starting TC010_AddMultipleItemsToCartTest Successfully *****
21:39:56.766 [main] INFO  testCases.TC010_AddMultipleItemsToCartTest - searching for first item...
21:39:58.535 [main] INFO  testCases.TC010_AddMultipleItemsToCartTest - clicked on search button for first item...
21:39:59.651 [main] INFO  testCases.TC010_AddMultipleItemsToCartTest - clicked on add to cart button for first item...
21:39:59.651 [main] INFO  testCases.TC010_AddMultipleItemsToCartTest - searching for second item...
