20:02:13.526 [main] INFO  testCases.TC002_LoginTest - ***** Finished TC002_LoginTest *****
20:03:25.511 [main] INFO  testCases.TC001_AccountRegistrationTest - ***** Starting TC001_AccountRegistrationTest *****
20:03:26.004 [main] INFO  testCases.TC001_AccountRegistrationTest - Clicked on MyAccount Link
20:03:26.394 [main] INFO  testCases.TC001_AccountRegistrationTest - Clicked on Register Link
20:03:26.399 [main] INFO  testCases.TC001_AccountRegistrationTest - Proving Customer Details.......
20:03:27.607 [main] INFO  testCases.TC001_AccountRegistrationTest - Validating expected message...
20:03:27.669 [main] INFO  testCases.TC001_AccountRegistrationTest - ***** Finished TC001_AccountRegistrationTest *****
20:03:29.833 [main] INFO  testCases.TC002_LoginTest - ***** Starting TC002_LoginTest *****
20:03:31.411 [main] INFO  testCases.TC002_LoginTest - ***** Finished TC002_LoginTest *****
20:03:33.422 [main] INFO  testCases.TC004_AddToCartTest - ***** Starting TC004_AddToCartTest *****
20:03:33.424 [main] INFO  testCases.TC004_AddToCartTest - searching for item...
20:03:33.860 [main] INFO  testCases.TC004_AddToCartTest - clicked on search button...
20:05:32.407 [main] INFO  testCases.TC001_AccountRegistrationTest - ***** Starting TC001_AccountRegistrationTest *****
20:05:32.927 [main] INFO  testCases.TC001_AccountRegistrationTest - Clicked on MyAccount Link
20:05:33.316 [main] INFO  testCases.TC001_AccountRegistrationTest - Clicked on Register Link
20:05:33.325 [main] INFO  testCases.TC001_AccountRegistrationTest - Proving Customer Details.......
20:05:34.473 [main] INFO  testCases.TC001_AccountRegistrationTest - Validating expected message...
20:05:34.545 [main] INFO  testCases.TC001_AccountRegistrationTest - ***** Finished TC001_AccountRegistrationTest *****
20:05:36.696 [main] INFO  testCases.TC002_LoginTest - ***** Starting TC002_LoginTest *****
20:05:38.343 [main] INFO  testCases.TC002_LoginTest - ***** Finished TC002_LoginTest *****
20:05:40.403 [main] INFO  testCases.TC004_AddToCartTest - ***** Starting TC004_AddToCartTest *****
20:05:40.403 [main] INFO  testCases.TC004_AddToCartTest - searching for item...
20:05:40.835 [main] INFO  testCases.TC004_AddToCartTest - clicked on search button...
20:05:40.901 [main] INFO  testCases.TC004_AddToCartTest - clicked on add to cart button...
20:05:41.081 [main] INFO  testCases.TC004_AddToCartTest - validating expected msg...
20:05:41.081 [main] ERROR testCases.TC004_AddToCartTest - Test failed..
20:05:41.082 [main] DEBUG testCases.TC004_AddToCartTest - Debug logs..
20:07:52.067 [main] INFO  testCases.TC004_AddToCartTest - ***** Starting TC004_AddToCartTest *****
20:07:52.094 [main] INFO  testCases.TC004_AddToCartTest - searching for item...
20:07:52.604 [main] INFO  testCases.TC004_AddToCartTest - clicked on search button...
20:07:52.694 [main] INFO  testCases.TC004_AddToCartTest - clicked on add to cart button...
20:07:52.859 [main] INFO  testCases.TC004_AddToCartTest - validating expected msg...
20:07:52.860 [main] INFO  testCases.TC004_AddToCartTest - ***** Finished TC004_AddToCartTest *****
20:08:59.511 [main] INFO  testCases.TC004_AddToCartTest - ***** Starting TC004_AddToCartTest *****
20:08:59.548 [main] INFO  testCases.TC004_AddToCartTest - searching for item...
20:08:59.953 [main] INFO  testCases.TC004_AddToCartTest - clicked on search button...
20:09:00.028 [main] INFO  testCases.TC004_AddToCartTest - clicked on add to cart button...
20:09:10.062 [main] INFO  testCases.TC004_AddToCartTest - validating expected msg...
20:09:12.062 [main] ERROR testCases.TC004_AddToCartTest - Test failed..
20:09:12.062 [main] DEBUG testCases.TC004_AddToCartTest - Debug logs..
20:12:37.056 [main] INFO  testCases.TC004_AddToCartTest - ***** Starting TC004_AddToCartTest *****
20:12:37.084 [main] INFO  testCases.TC004_AddToCartTest - searching for item...
20:12:37.511 [main] INFO  testCases.TC004_AddToCartTest - clicked on search button...
20:12:37.593 [main] INFO  testCases.TC004_AddToCartTest - clicked on add to cart button...
20:12:37.749 [main] INFO  testCases.TC004_AddToCartTest - validating expected msg...
20:12:39.757 [main] INFO  testCases.TC004_AddToCartTest - ***** Finished TC004_AddToCartTest *****
20:14:03.920 [main] INFO  testCases.TC004_AddToCartTest - ***** Starting TC004_AddToCartTest *****
20:14:03.940 [main] INFO  testCases.TC004_AddToCartTest - searching for item...
20:14:04.434 [main] INFO  testCases.TC004_AddToCartTest - clicked on search button...
20:14:04.531 [main] INFO  testCases.TC004_AddToCartTest - clicked on add to cart button...
20:14:04.706 [main] INFO  testCases.TC004_AddToCartTest - validating expected msg...
20:14:06.719 [main] INFO  testCases.TC004_AddToCartTest - ***** Finished TC004_AddToCartTest *****
22:02:26.912 [main] INFO  testCases.TC001_AccountRegistrationTest - ***** Starting TC001_AccountRegistrationTest *****
22:02:27.515 [main] INFO  testCases.TC001_AccountRegistrationTest - Clicked on MyAccount Link
