14:07:22.312 [main] INFO  testCases.TC005_CheckOutTest - selecting product color...
14:07:23.867 [main] INFO  testCases.TC005_CheckOutTest - providing Text...
14:07:25.219 [main] INFO  testCases.TC005_CheckOutTest - uploading file...
14:07:43.755 [main] INFO  testCases.TC005_CheckOutTest - setting Date...
14:07:45.764 [main] INFO  testCases.TC005_CheckOutTest - setting time...
14:07:47.191 [main] INFO  testCases.TC005_CheckOutTest - setting both date and time
14:07:48.528 [main] INFO  testCases.TC005_CheckOutTest - setting Quantity...
14:07:49.703 [main] INFO  testCases.TC005_CheckOutTest - clicking on Main Add to cart Button...
14:08:02.054 [main] INFO  testCases.TC005_CheckOutTest - validating expected msg...
14:08:04.065 [main] ERROR testCases.TC005_CheckOutTest - Test failed..
14:08:04.065 [main] DEBUG testCases.TC005_CheckOutTest - Debug logs..
14:11:08.617 [main] INFO  testCases.TC005_CheckOutTest - ***** Starting TC005_CheckOutTest Successfully  *****
14:11:08.701 [main] INFO  testCases.TC005_CheckOutTest - searching for item...
14:11:11.674 [main] INFO  testCases.TC005_CheckOutTest - clicked on search button...
14:11:12.901 [main] INFO  testCases.TC005_CheckOutTest - selecting size...
14:11:14.992 [main] INFO  testCases.TC005_CheckOutTest - selecting checkBox...
14:11:16.248 [main] INFO  testCases.TC005_CheckOutTest - selecting product color...
14:11:17.849 [main] INFO  testCases.TC005_CheckOutTest - providing Text...
14:11:19.275 [main] INFO  testCases.TC005_CheckOutTest - uploading file...
14:11:31.220 [main] INFO  testCases.TC005_CheckOutTest - setting Date...
14:11:33.202 [main] INFO  testCases.TC005_CheckOutTest - setting time...
14:11:34.491 [main] INFO  testCases.TC005_CheckOutTest - setting both date and time
14:11:36.092 [main] INFO  testCases.TC005_CheckOutTest - setting Quantity...
14:11:37.428 [main] INFO  testCases.TC005_CheckOutTest - clicking on Main Add to cart Button...
14:11:49.740 [main] INFO  testCases.TC005_CheckOutTest - validating expected msg...
14:11:51.755 [main] ERROR testCases.TC005_CheckOutTest - Test failed..
14:11:51.756 [main] DEBUG testCases.TC005_CheckOutTest - Debug logs..
14:14:20.230 [main] INFO  testCases.TC005_CheckOutTest - ***** Starting TC005_CheckOutTest Successfully  *****
14:14:20.279 [main] INFO  testCases.TC005_CheckOutTest - searching for item...
14:14:20.966 [main] INFO  testCases.TC005_CheckOutTest - clicked on search button...
14:14:22.282 [main] INFO  testCases.TC005_CheckOutTest - selecting size...
14:14:24.009 [main] INFO  testCases.TC005_CheckOutTest - selecting checkBox...
14:14:25.256 [main] INFO  testCases.TC005_CheckOutTest - selecting product color...
14:14:26.741 [main] INFO  testCases.TC005_CheckOutTest - providing Text...
14:14:28.100 [main] INFO  testCases.TC005_CheckOutTest - uploading file...
14:14:41.818 [main] INFO  testCases.TC005_CheckOutTest - setting Date...
14:14:44.043 [main] INFO  testCases.TC005_CheckOutTest - setting time...
14:14:45.489 [main] INFO  testCases.TC005_CheckOutTest - setting both date and time
14:14:47.083 [main] INFO  testCases.TC005_CheckOutTest - setting Quantity...
14:14:48.266 [main] INFO  testCases.TC005_CheckOutTest - clicking on Main Add to cart Button...
14:14:50.565 [main] INFO  testCases.TC005_CheckOutTest - validating expected msg...
14:14:53.585 [main] INFO  testCases.TC005_CheckOutTest - opening Shopping Cart...
14:14:55.697 [main] INFO  testCases.TC005_CheckOutTest - Proving Shipping Details...
14:15:08.717 [main] INFO  testCases.TC005_CheckOutTest - clicking on get Quote Button...
14:15:09.973 [main] INFO  testCases.TC005_CheckOutTest - selecting shipping method...
