21:40:06.163 [main] INFO  testCases.TC010_AddMultipleItemsToCartTest - clicked on search button for second item...
21:40:07.359 [main] INFO  testCases.TC010_AddMultipleItemsToCartTest - clicked on add to cart button for second item...
21:40:09.291 [main] INFO  testCases.TC010_AddMultipleItemsToCartTest - validating multiple items are added to the cart...
21:41:27.306 [main] INFO  testCases.TC010_AddMultipleItemsToCartTest - ***** Starting TC010_AddMultipleItemsToCartTest Successfully *****
21:41:28.359 [main] INFO  testCases.TC010_AddMultipleItemsToCartTest - searching for first item...
21:41:36.686 [main] INFO  testCases.TC010_AddMultipleItemsToCartTest - clicked on search button for first item...
21:41:37.824 [main] INFO  testCases.TC010_AddMultipleItemsToCartTest - clicked on add to cart button for first item...
21:41:37.824 [main] INFO  testCases.TC010_AddMultipleItemsToCartTest - searching for second item...
21:41:53.839 [main] INFO  testCases.TC010_AddMultipleItemsToCartTest - clicked on search button for second item...
21:41:54.957 [main] INFO  testCases.TC010_AddMultipleItemsToCartTest - clicked on add to cart button for second item...
21:41:56.441 [main] INFO  testCases.TC010_AddMultipleItemsToCartTest - validating multiple items are added to the cart...
21:46:47.863 [main] INFO  testCases.TC010_AddMultipleItemsToCartTest - ***** Starting TC010_AddMultipleItemsToCartTest Successfully *****
21:46:48.902 [main] INFO  testCases.TC010_AddMultipleItemsToCartTest - searching for first item...
21:46:50.547 [main] INFO  testCases.TC010_AddMultipleItemsToCartTest - clicked on search button for first item...
21:46:51.625 [main] INFO  testCases.TC010_AddMultipleItemsToCartTest - clicked on add to cart button for first item...
21:46:51.625 [main] INFO  testCases.TC010_AddMultipleItemsToCartTest - searching for second item...
21:46:55.406 [main] INFO  testCases.TC010_AddMultipleItemsToCartTest - clicked on search button for second item...
21:46:56.496 [main] INFO  testCases.TC010_AddMultipleItemsToCartTest - clicked on add to cart button for second item...
21:46:57.892 [main] INFO  testCases.TC010_AddMultipleItemsToCartTest - validating multiple items are added to the cart...
21:50:40.373 [main] INFO  testCases.TC010_AddMultipleItemsToCartTest - ***** Starting TC010_AddMultipleItemsToCartTest Successfully *****
21:50:41.422 [main] INFO  testCases.TC010_AddMultipleItemsToCartTest - searching for first item...
21:50:43.151 [main] INFO  testCases.TC010_AddMultipleItemsToCartTest - clicked on search button for first item...
21:50:44.275 [main] INFO  testCases.TC010_AddMultipleItemsToCartTest - clicked on add to cart button for first item...
21:50:44.275 [main] INFO  testCases.TC010_AddMultipleItemsToCartTest - searching for second item...
21:50:48.179 [main] INFO  testCases.TC010_AddMultipleItemsToCartTest - clicked on search button for second item...
21:50:49.240 [main] INFO  testCases.TC010_AddMultipleItemsToCartTest - clicked on add to cart button for second item...
21:50:50.815 [main] INFO  testCases.TC010_AddMultipleItemsToCartTest - validating multiple items are added to the cart...
21:50:50.818 [main] INFO  testCases.TC010_AddMultipleItemsToCartTest - ***** Finished TC017_AddMultipleItemsToCartTest *****
14:04:00.341 [main] INFO  testCases.TC005_CheckOutTest - ***** Starting TC005_CheckOutTest Successfully  *****
14:04:00.416 [main] INFO  testCases.TC005_CheckOutTest - searching for item...
14:04:01.065 [main] INFO  testCases.TC005_CheckOutTest - clicked on search button...
14:04:02.188 [main] INFO  testCases.TC005_CheckOutTest - selecting size...
14:04:03.475 [main] INFO  testCases.TC005_CheckOutTest - selecting checkBox...
14:04:04.682 [main] INFO  testCases.TC005_CheckOutTest - selecting product color...
14:04:05.913 [main] INFO  testCases.TC005_CheckOutTest - providing Text...
14:04:07.285 [main] INFO  testCases.TC005_CheckOutTest - uploading file...
14:04:16.791 [main] INFO  testCases.TC005_CheckOutTest - setting Date...
14:04:18.894 [main] INFO  testCases.TC005_CheckOutTest - setting time...
14:04:20.491 [main] INFO  testCases.TC005_CheckOutTest - setting both date and time
14:04:21.933 [main] INFO  testCases.TC005_CheckOutTest - setting Quantity...
14:04:23.125 [main] INFO  testCases.TC005_CheckOutTest - clicking on Main Add to cart Button...
14:04:35.402 [main] INFO  testCases.TC005_CheckOutTest - validating expected msg...
14:04:37.409 [main] ERROR testCases.TC005_CheckOutTest - Test failed..
14:04:37.410 [main] DEBUG testCases.TC005_CheckOutTest - Debug logs..
14:07:06.209 [main] INFO  testCases.TC005_CheckOutTest - ***** Starting TC005_CheckOutTest Successfully  *****
14:07:06.257 [main] INFO  testCases.TC005_CheckOutTest - searching for item...
14:07:10.098 [main] INFO  testCases.TC005_CheckOutTest - clicked on search button...
14:07:11.339 [main] INFO  testCases.TC005_CheckOutTest - selecting size...
14:07:21.189 [main] INFO  testCases.TC005_CheckOutTest - selecting checkBox...
