23:15:35.121 [main] INFO  testCases.TC008_SearchProductTest - verifying product is visible or not...
23:15:35.226 [main] INFO  testCases.TC008_SearchProductTest - ***** Finished TC008_SearchProductTest Successfully *****
23:15:45.178 [main] INFO  testCases.TC009_ViewProductDetailsDescriptionTest - ***** Starting TC009_ViewProductDetailsDescriptionTest Successfully *****
23:15:45.179 [main] INFO  testCases.TC009_ViewProductDetailsDescriptionTest - typing product name in search bar...
23:15:45.500 [main] INFO  testCases.TC009_ViewProductDetailsDescriptionTest - clicking on search button...
23:15:47.133 [main] INFO  testCases.TC009_ViewProductDetailsDescriptionTest - verifying product is visible or not...
23:15:47.275 [main] INFO  testCases.TC009_ViewProductDetailsDescriptionTest - clicking on product to get details...
23:15:50.187 [main] INFO  testCases.TC009_ViewProductDetailsDescriptionTest - verifying details are visible or not...
23:15:50.187 [main] INFO  testCases.TC009_ViewProductDetailsDescriptionTest - ***** Starting TC009_ViewProductDetailsDescriptionTest Successfully *****
21:03:30.706 [main] DEBUG org.testng.TestNG - suiteXmlPath: "F:\eclipse-workspace\OpencartV1\master.xml"
21:03:37.516 [main] INFO  testCases.TC001_AccountRegistrationTest - ***** Starting TC001_AccountRegistrationTest *****
21:03:37.946 [main] INFO  testCases.TC001_AccountRegistrationTest - Clicked on MyAccount Link
21:03:38.703 [main] INFO  testCases.TC001_AccountRegistrationTest - Clicked on Register Link
21:03:38.707 [main] INFO  testCases.TC001_AccountRegistrationTest - Proving Customer Details.......
21:03:40.845 [main] INFO  testCases.TC001_AccountRegistrationTest - Validating expected message...
21:03:40.918 [main] INFO  testCases.TC001_AccountRegistrationTest - ***** Finished TC001_AccountRegistrationTest *****
21:03:44.913 [main] INFO  testCases.TC002_LoginTest - ***** Starting TC002_LoginTest *****
21:03:46.984 [main] INFO  testCases.TC002_LoginTest - ***** Finished TC002_LoginTest *****
21:03:50.223 [main] INFO  testCases.TC004_AddToCartTest - ***** Starting TC004_AddToCartTest *****
21:03:50.224 [main] INFO  testCases.TC004_AddToCartTest - searching for item...
21:03:50.981 [main] INFO  testCases.TC004_AddToCartTest - clicked on search button...
21:03:51.091 [main] INFO  testCases.TC004_AddToCartTest - clicked on add to cart button...
21:03:51.533 [main] INFO  testCases.TC004_AddToCartTest - validating expected msg...
21:03:53.547 [main] INFO  testCases.TC004_AddToCartTest - ***** Finished TC004_AddToCartTest *****
21:03:57.037 [main] INFO  testCases.TC005_CheckOutTest - ***** Starting TC005_CheckOutTest Successfully  *****
21:03:57.038 [main] INFO  testCases.TC005_CheckOutTest - searching for item...
21:03:58.066 [main] INFO  testCases.TC005_CheckOutTest - clicked on search button...
21:03:59.207 [main] INFO  testCases.TC005_CheckOutTest - selecting size...
21:04:00.654 [main] INFO  testCases.TC005_CheckOutTest - selecting checkBox...
21:04:01.916 [main] INFO  testCases.TC005_CheckOutTest - selecting product color...
21:04:03.175 [main] INFO  testCases.TC005_CheckOutTest - providing Text...
21:04:04.594 [main] INFO  testCases.TC005_CheckOutTest - uploading file...
21:04:22.557 [main] INFO  testCases.TC005_CheckOutTest - setting Date...
21:04:37.136 [main] INFO  testCases.TC008_SearchProductTest - ***** Starting TC008_SearchProductTest Successfully *****
21:04:37.136 [main] INFO  testCases.TC008_SearchProductTest - typing product name in search bar...
21:04:37.330 [main] INFO  testCases.TC008_SearchProductTest - clicking on search button...
21:04:38.880 [main] INFO  testCases.TC008_SearchProductTest - verifying product is visible or not...
21:04:38.990 [main] INFO  testCases.TC008_SearchProductTest - ***** Finished TC008_SearchProductTest Successfully *****
21:04:42.284 [main] INFO  testCases.TC009_ViewProductDetailsDescriptionTest - ***** Starting TC009_ViewProductDetailsDescriptionTest Successfully *****
21:04:42.284 [main] INFO  testCases.TC009_ViewProductDetailsDescriptionTest - typing product name in search bar...
21:04:42.475 [main] INFO  testCases.TC009_ViewProductDetailsDescriptionTest - clicking on search button...
21:04:43.935 [main] INFO  testCases.TC009_ViewProductDetailsDescriptionTest - verifying product is visible or not...
21:04:43.980 [main] INFO  testCases.TC009_ViewProductDetailsDescriptionTest - clicking on product to get details...
21:04:46.260 [main] INFO  testCases.TC009_ViewProductDetailsDescriptionTest - verifying details are visible or not...
21:04:46.261 [main] INFO  testCases.TC009_ViewProductDetailsDescriptionTest - ***** Starting TC009_ViewProductDetailsDescriptionTest Successfully *****
21:05:23.087 [main] DEBUG org.testng.TestNG - suiteXmlPath: "F:\eclipse-workspace\OpencartV1\master.xml"
21:05:31.631 [main] INFO  testCases.TC001_AccountRegistrationTest - ***** Starting TC001_AccountRegistrationTest *****
21:05:31.997 [main] INFO  testCases.TC001_AccountRegistrationTest - Clicked on MyAccount Link
