14:50:37.105 [main] INFO  testCases.TC002_LoginTest - ***** Starting TC002_LoginTest *****
14:50:38.692 [main] INFO  testCases.TC002_LoginTest - ***** Finished TC002_LoginTest *****
14:50:46.348 [main] INFO  testCases.TC001_AccountRegistrationTest - ***** Starting TC001_AccountRegistrationTest *****
14:50:46.646 [main] INFO  testCases.TC001_AccountRegistrationTest - Clicked on MyAccount Link
14:50:47.735 [main] INFO  testCases.TC001_AccountRegistrationTest - Clicked on Register Link
14:50:47.736 [main] INFO  testCases.TC001_AccountRegistrationTest - Proving Customer Details.......
14:50:49.332 [main] INFO  testCases.TC001_AccountRegistrationTest - Validating expected message...
14:50:49.400 [main] INFO  testCases.TC001_AccountRegistrationTest - ***** Finished TC001_AccountRegistrationTest *****
14:50:57.859 [main] INFO  testCases.TC002_LoginTest - ***** Starting TC002_LoginTest *****
14:50:59.695 [main] INFO  testCases.TC002_LoginTest - ***** Finished TC002_LoginTest *****
15:14:11.067 [main] INFO  testCases.TC001_AccountRegistrationTest - ***** Starting TC001_AccountRegistrationTest *****
15:14:11.303 [main] INFO  testCases.TC001_AccountRegistrationTest - Clicked on MyAccount Link
15:14:11.946 [main] INFO  testCases.TC001_AccountRegistrationTest - Clicked on Register Link
15:14:12.054 [main] INFO  testCases.TC001_AccountRegistrationTest - Proving Customer Details.......
15:14:13.901 [main] INFO  testCases.TC001_AccountRegistrationTest - Validating expected message...
15:14:13.995 [main] INFO  testCases.TC001_AccountRegistrationTest - ***** Finished TC001_AccountRegistrationTest *****
15:14:16.560 [main] INFO  testCases.TC002_LoginTest - ***** Starting TC002_LoginTest *****
15:14:18.483 [main] INFO  testCases.TC002_LoginTest - ***** Finished TC002_LoginTest *****
15:14:26.686 [main] INFO  testCases.TC001_AccountRegistrationTest - ***** Starting TC001_AccountRegistrationTest *****
15:14:27.031 [main] INFO  testCases.TC001_AccountRegistrationTest - Clicked on MyAccount Link
15:14:27.850 [main] INFO  testCases.TC001_AccountRegistrationTest - Clicked on Register Link
15:14:27.850 [main] INFO  testCases.TC001_AccountRegistrationTest - Proving Customer Details.......
15:14:29.491 [main] INFO  testCases.TC001_AccountRegistrationTest - Validating expected message...
15:14:29.549 [main] INFO  testCases.TC001_AccountRegistrationTest - ***** Finished TC001_AccountRegistrationTest *****
15:14:35.896 [main] INFO  testCases.TC002_LoginTest - ***** Starting TC002_LoginTest *****
15:14:37.614 [main] INFO  testCases.TC002_LoginTest - ***** Finished TC002_LoginTest *****
13:44:10.983 [main] DEBUG org.testng.TestNG - suiteXmlPath: "F:\eclipse-workspace\OpencartV1\master.xml"
13:46:16.070 [main] DEBUG org.testng.TestNG - suiteXmlPath: "F:\eclipse-workspace\OpencartV1\master.xml"
13:47:13.227 [main] DEBUG org.testng.TestNG - suiteXmlPath: "F:\eclipse-workspace\OpencartV1\master.xml"
13:49:58.274 [main] DEBUG org.testng.TestNG - suiteXmlPath: "F:\eclipse-workspace\OpencartV1\master.xml"
13:50:55.748 [main] DEBUG org.testng.TestNG - suiteXmlPath: "F:\eclipse-workspace\OpencartV1\master.xml"
13:51:04.102 [main] INFO  testCases.TC001_AccountRegistrationTest - ***** Starting TC001_AccountRegistrationTest *****
13:51:04.299 [main] INFO  testCases.TC001_AccountRegistrationTest - Clicked on MyAccount Link
13:51:05.755 [main] INFO  testCases.TC001_AccountRegistrationTest - Clicked on Register Link
13:51:05.761 [main] INFO  testCases.TC001_AccountRegistrationTest - Proving Customer Details.......
13:51:07.695 [main] INFO  testCases.TC001_AccountRegistrationTest - Validating expected message...
13:51:07.755 [main] INFO  testCases.TC001_AccountRegistrationTest - ***** Finished TC001_AccountRegistrationTest *****
13:51:15.906 [main] INFO  testCases.TC002_LoginTest - ***** Starting TC002_LoginTest *****
13:51:18.348 [main] INFO  testCases.TC002_LoginTest - ***** Finished TC002_LoginTest *****
14:13:22.018 [main] DEBUG org.testng.TestNG - suiteXmlPath: "F:\eclipse-workspace\OpencartV1\master.xml"
14:13:32.017 [main] INFO  testCases.TC001_AccountRegistrationTest - ***** Starting TC001_AccountRegistrationTest *****
14:13:32.203 [main] INFO  testCases.TC001_AccountRegistrationTest - Clicked on MyAccount Link
14:13:34.076 [main] INFO  testCases.TC001_AccountRegistrationTest - Clicked on Register Link
14:13:34.078 [main] INFO  testCases.TC001_AccountRegistrationTest - Proving Customer Details.......
14:13:35.984 [main] INFO  testCases.TC001_AccountRegistrationTest - Validating expected message...
14:13:36.030 [main] INFO  testCases.TC001_AccountRegistrationTest - ***** Finished TC001_AccountRegistrationTest *****
14:13:43.424 [main] INFO  testCases.TC002_LoginTest - ***** Starting TC002_LoginTest *****
14:13:45.915 [main] INFO  testCases.TC002_LoginTest - ***** Finished TC002_LoginTest *****
14:35:07.810 [main] DEBUG org.testng.TestNG - suiteXmlPath: "F:\eclipse-workspace\OpencartV1\master.xml"
14:35:30.958 [main] INFO  testCases.TC001_AccountRegistrationTest - ***** Starting TC001_AccountRegistrationTest *****
