20:19:17.358 [main] INFO  testCases.TC005_CheckOutTest - searching for item...
20:19:18.278 [main] INFO  testCases.TC005_CheckOutTest - clicked on search button...
20:19:19.443 [main] INFO  testCases.TC005_CheckOutTest - selecting size...
20:19:20.889 [main] INFO  testCases.TC005_CheckOutTest - selecting checkBox...
20:19:22.096 [main] INFO  testCases.TC005_CheckOutTest - selecting product color...
20:19:23.400 [main] INFO  testCases.TC005_CheckOutTest - providing Text...
20:19:24.721 [main] INFO  testCases.TC005_CheckOutTest - uploading file...
20:19:35.309 [main] INFO  testCases.TC005_CheckOutTest - setting Date...
20:19:37.320 [main] INFO  testCases.TC005_CheckOutTest - setting time...
20:19:38.675 [main] INFO  testCases.TC005_CheckOutTest - setting both date and time
20:19:40.115 [main] INFO  testCases.TC005_CheckOutTest - setting Quantity...
20:19:41.384 [main] INFO  testCases.TC005_CheckOutTest - clicking on Main Add to cart Button...
20:19:43.665 [main] INFO  testCases.TC005_CheckOutTest - validating expected msg...
20:19:46.692 [main] INFO  testCases.TC005_CheckOutTest - opening Shopping Cart...
20:19:48.371 [main] INFO  testCases.TC005_CheckOutTest - Proving Shipping Details...
20:22:55.461 [main] INFO  testCases.TC005_CheckOutTest - ***** Starting TC005_CheckOutTest Successfully  *****
20:22:55.515 [main] INFO  testCases.TC005_CheckOutTest - searching for item...
20:22:56.384 [main] INFO  testCases.TC005_CheckOutTest - clicked on search button...
20:22:57.585 [main] INFO  testCases.TC005_CheckOutTest - selecting size...
20:22:58.921 [main] INFO  testCases.TC005_CheckOutTest - selecting checkBox...
20:23:00.143 [main] INFO  testCases.TC005_CheckOutTest - selecting product color...
20:23:01.661 [main] INFO  testCases.TC005_CheckOutTest - providing Text...
20:23:03.043 [main] INFO  testCases.TC005_CheckOutTest - uploading file...
20:23:12.079 [main] INFO  testCases.TC005_CheckOutTest - setting Date...
20:23:13.998 [main] INFO  testCases.TC005_CheckOutTest - setting time...
20:23:15.316 [main] INFO  testCases.TC005_CheckOutTest - setting both date and time
20:23:16.715 [main] INFO  testCases.TC005_CheckOutTest - setting Quantity...
20:23:18.033 [main] INFO  testCases.TC005_CheckOutTest - clicking on Main Add to cart Button...
20:23:20.273 [main] INFO  testCases.TC005_CheckOutTest - validating expected msg...
20:23:23.294 [main] INFO  testCases.TC005_CheckOutTest - opening Shopping Cart...
20:23:25.397 [main] INFO  testCases.TC005_CheckOutTest - Proving Shipping Details...
20:23:38.418 [main] INFO  testCases.TC005_CheckOutTest - clicking on get Quote Button...
20:23:39.538 [main] INFO  testCases.TC005_CheckOutTest - selecting shipping method...
20:26:40.653 [main] INFO  testCases.TC005_CheckOutTest - ***** Starting TC005_CheckOutTest Successfully  *****
20:26:40.702 [main] INFO  testCases.TC005_CheckOutTest - searching for item...
20:26:41.527 [main] INFO  testCases.TC005_CheckOutTest - clicked on search button...
20:26:42.652 [main] INFO  testCases.TC005_CheckOutTest - selecting size...
20:26:44.142 [main] INFO  testCases.TC005_CheckOutTest - selecting checkBox...
20:26:45.361 [main] INFO  testCases.TC005_CheckOutTest - selecting product color...
20:26:46.648 [main] INFO  testCases.TC005_CheckOutTest - providing Text...
20:26:48.135 [main] INFO  testCases.TC005_CheckOutTest - uploading file...
20:27:00.332 [main] INFO  testCases.TC005_CheckOutTest - setting Date...
20:27:02.616 [main] INFO  testCases.TC005_CheckOutTest - setting time...
20:27:03.999 [main] INFO  testCases.TC005_CheckOutTest - setting both date and time
20:27:05.427 [main] INFO  testCases.TC005_CheckOutTest - setting Quantity...
20:27:06.729 [main] INFO  testCases.TC005_CheckOutTest - clicking on Main Add to cart Button...
20:27:08.917 [main] INFO  testCases.TC005_CheckOutTest - validating expected msg...
20:27:11.944 [main] INFO  testCases.TC005_CheckOutTest - opening Shopping Cart...
20:27:15.406 [main] INFO  testCases.TC005_CheckOutTest - Proving Shipping Details...
20:27:18.699 [main] INFO  testCases.TC005_CheckOutTest - clicking on get Quote Button...
20:27:19.909 [main] INFO  testCases.TC005_CheckOutTest - selecting shipping method...
20:27:21.111 [main] INFO  testCases.TC005_CheckOutTest - clicking on apply shipping Button...
20:27:22.337 [main] INFO  testCases.TC005_CheckOutTest - validating shipping msg Success
20:27:23.566 [main] INFO  testCases.TC005_CheckOutTest - clicking on final Checkout Button...
20:27:24.644 [main] INFO  testCases.TC005_CheckOutTest - ***** Finished TC005_CheckOutTest Successfully  *****
21:46:17.525 [main] INFO  testCases.TC006_PasswordReset - ***** Starting TC006_PasswordReset Successfully *****
21:46:17.574 [main] INFO  testCases.TC006_PasswordReset - clicking on myAccount link...
21:46:17.699 [main] INFO  testCases.TC006_PasswordReset - clicking on login link...
21:46:18.058 [main] INFO  testCases.TC006_PasswordReset - providing email...
21:46:18.192 [main] INFO  testCases.TC006_PasswordReset - providing password...
