14:35:31.130 [main] INFO  testCases.TC001_AccountRegistrationTest - Clicked on MyAccount Link
14:35:39.121 [main] INFO  testCases.TC001_AccountRegistrationTest - Clicked on Register Link
14:35:39.122 [main] INFO  testCases.TC001_AccountRegistrationTest - Proving Customer Details.......
14:35:41.083 [main] INFO  testCases.TC001_AccountRegistrationTest - Validating expected message...
14:35:41.130 [main] INFO  testCases.TC001_AccountRegistrationTest - ***** Finished TC001_AccountRegistrationTest *****
14:35:48.321 [main] INFO  testCases.TC002_LoginTest - ***** Starting TC002_LoginTest *****
14:35:50.583 [main] INFO  testCases.TC002_LoginTest - ***** Finished TC002_LoginTest *****
23:05:35.542 [main] INFO  testCases.TC005_CheckOutTest - ***** Starting TC005_CheckOutTest Successfully  *****
23:05:35.570 [main] INFO  testCases.TC005_CheckOutTest - searching for item...
23:05:36.279 [main] INFO  testCases.TC005_CheckOutTest - clicked on search button...
23:05:36.412 [main] INFO  testCases.TC005_CheckOutTest - selecting size...
23:05:37.850 [main] INFO  testCases.TC005_CheckOutTest - selecting checkBox...
23:05:37.926 [main] INFO  testCases.TC005_CheckOutTest - selecting product color...
23:05:37.972 [main] INFO  testCases.TC005_CheckOutTest - ***** Finished TC005_CheckOutTest Successfully  *****
23:07:57.675 [main] INFO  testCases.TC005_CheckOutTest - ***** Starting TC005_CheckOutTest Successfully  *****
23:07:57.723 [main] INFO  testCases.TC005_CheckOutTest - searching for item...
23:07:58.464 [main] INFO  testCases.TC005_CheckOutTest - clicked on search button...
23:07:59.557 [main] INFO  testCases.TC005_CheckOutTest - selecting size...
23:08:00.945 [main] INFO  testCases.TC005_CheckOutTest - selecting checkBox...
23:08:02.084 [main] INFO  testCases.TC005_CheckOutTest - selecting product color...
23:08:02.151 [main] INFO  testCases.TC005_CheckOutTest - ***** Finished TC005_CheckOutTest Successfully  *****
23:10:53.753 [main] INFO  testCases.TC005_CheckOutTest - ***** Starting TC005_CheckOutTest Successfully  *****
23:10:53.820 [main] INFO  testCases.TC005_CheckOutTest - searching for item...
23:10:54.466 [main] INFO  testCases.TC005_CheckOutTest - clicked on search button...
23:10:55.567 [main] INFO  testCases.TC005_CheckOutTest - selecting size...
23:10:57.123 [main] INFO  testCases.TC005_CheckOutTest - selecting checkBox...
23:10:58.336 [main] INFO  testCases.TC005_CheckOutTest - selecting product color...
23:12:14.782 [main] INFO  testCases.TC005_CheckOutTest - ***** Starting TC005_CheckOutTest Successfully  *****
23:12:14.845 [main] INFO  testCases.TC005_CheckOutTest - searching for item...
23:12:15.396 [main] INFO  testCases.TC005_CheckOutTest - clicked on search button...
23:12:16.466 [main] INFO  testCases.TC005_CheckOutTest - selecting size...
23:12:18.148 [main] INFO  testCases.TC005_CheckOutTest - selecting checkBox...
23:12:19.272 [main] INFO  testCases.TC005_CheckOutTest - selecting product color...
23:12:20.745 [main] INFO  testCases.TC005_CheckOutTest - providing Text...
23:12:22.229 [main] INFO  testCases.TC005_CheckOutTest - uploading file...
23:12:23.462 [main] INFO  testCases.TC005_CheckOutTest - setting Date...
23:12:25.308 [main] INFO  testCases.TC005_CheckOutTest - setting time...
23:12:26.573 [main] INFO  testCases.TC005_CheckOutTest - setting both date and time
23:12:27.733 [main] INFO  testCases.TC005_CheckOutTest - setting Quantity...
23:12:28.971 [main] INFO  testCases.TC005_CheckOutTest - clicking on Main Add to cart Button...
23:12:37.257 [main] INFO  testCases.TC005_CheckOutTest - validating expected msg...
23:12:39.272 [main] ERROR testCases.TC005_CheckOutTest - Test failed..
23:12:39.273 [main] DEBUG testCases.TC005_CheckOutTest - Debug logs..
23:16:43.917 [main] INFO  testCases.TC005_CheckOutTest - ***** Starting TC005_CheckOutTest Successfully  *****
23:16:43.951 [main] INFO  testCases.TC005_CheckOutTest - searching for item...
23:16:44.620 [main] INFO  testCases.TC005_CheckOutTest - clicked on search button...
23:16:45.755 [main] INFO  testCases.TC005_CheckOutTest - selecting size...
23:16:47.205 [main] INFO  testCases.TC005_CheckOutTest - selecting checkBox...
23:16:48.389 [main] INFO  testCases.TC005_CheckOutTest - selecting product color...
23:16:49.837 [main] INFO  testCases.TC005_CheckOutTest - providing Text...
23:16:51.320 [main] INFO  testCases.TC005_CheckOutTest - uploading file...
23:18:21.021 [main] INFO  testCases.TC005_CheckOutTest - ***** Starting TC005_CheckOutTest Successfully  *****
23:18:21.066 [main] INFO  testCases.TC005_CheckOutTest - searching for item...
23:18:21.908 [main] INFO  testCases.TC005_CheckOutTest - clicked on search button...
23:18:23.132 [main] INFO  testCases.TC005_CheckOutTest - selecting size...
23:18:24.560 [main] INFO  testCases.TC005_CheckOutTest - selecting checkBox...
23:18:25.773 [main] INFO  testCases.TC005_CheckOutTest - selecting product color...
23:18:27.254 [main] INFO  testCases.TC005_CheckOutTest - providing Text...
