22:02:43.504 [main] INFO  testCases.TC001_AccountRegistrationTest - Clicked on Register Link
22:02:43.549 [main] INFO  testCases.TC001_AccountRegistrationTest - Proving Customer Details.......
22:03:03.579 [main] INFO  testCases.TC001_AccountRegistrationTest - Validating expected message...
22:03:03.643 [main] INFO  testCases.TC001_AccountRegistrationTest - ***** Finished TC001_AccountRegistrationTest *****
19:54:08.523 [main] INFO  testCases.TC001_AccountRegistrationTest - ***** Starting TC001_AccountRegistrationTest *****
19:54:08.724 [main] INFO  testCases.TC001_AccountRegistrationTest - Clicked on MyAccount Link
19:54:09.318 [main] INFO  testCases.TC001_AccountRegistrationTest - Clicked on Register Link
19:54:09.428 [main] INFO  testCases.TC001_AccountRegistrationTest - Proving Customer Details.......
19:54:11.566 [main] INFO  testCases.TC001_AccountRegistrationTest - Validating expected message...
19:54:11.692 [main] INFO  testCases.TC001_AccountRegistrationTest - ***** Finished TC001_AccountRegistrationTest *****
19:54:16.657 [main] INFO  testCases.TC002_LoginTest - ***** Starting TC002_LoginTest *****
19:54:20.918 [main] INFO  testCases.TC002_LoginTest - ***** Finished TC002_LoginTest *****
19:58:45.784 [main] INFO  testCases.TC001_AccountRegistrationTest - ***** Starting TC001_AccountRegistrationTest *****
19:58:45.949 [main] INFO  testCases.TC001_AccountRegistrationTest - Clicked on MyAccount Link
19:58:46.752 [main] INFO  testCases.TC001_AccountRegistrationTest - Clicked on Register Link
19:58:46.758 [main] INFO  testCases.TC001_AccountRegistrationTest - Proving Customer Details.......
19:58:48.784 [main] INFO  testCases.TC001_AccountRegistrationTest - Validating expected message...
19:58:48.911 [main] INFO  testCases.TC001_AccountRegistrationTest - ***** Finished TC001_AccountRegistrationTest *****
19:58:51.890 [main] INFO  testCases.TC002_LoginTest - ***** Starting TC002_LoginTest *****
19:58:53.713 [main] INFO  testCases.TC002_LoginTest - ***** Finished TC002_LoginTest *****
19:59:47.153 [main] INFO  testCases.TC001_AccountRegistrationTest - ***** Starting TC001_AccountRegistrationTest *****
19:59:47.298 [main] INFO  testCases.TC001_AccountRegistrationTest - Clicked on MyAccount Link
19:59:47.933 [main] INFO  testCases.TC001_AccountRegistrationTest - Clicked on Register Link
19:59:47.936 [main] INFO  testCases.TC001_AccountRegistrationTest - Proving Customer Details.......
19:59:50.361 [main] INFO  testCases.TC001_AccountRegistrationTest - Validating expected message...
19:59:50.462 [main] INFO  testCases.TC001_AccountRegistrationTest - ***** Finished TC001_AccountRegistrationTest *****
19:59:55.312 [main] INFO  testCases.TC002_LoginTest - ***** Starting TC002_LoginTest *****
19:59:57.089 [main] INFO  testCases.TC002_LoginTest - ***** Finished TC002_LoginTest *****
14:47:45.530 [main] INFO  testCases.TC001_AccountRegistrationTest - ***** Starting TC001_AccountRegistrationTest *****
14:47:45.858 [main] INFO  testCases.TC001_AccountRegistrationTest - Clicked on MyAccount Link
14:47:46.658 [main] INFO  testCases.TC001_AccountRegistrationTest - Clicked on Register Link
14:47:46.764 [main] INFO  testCases.TC001_AccountRegistrationTest - Proving Customer Details.......
14:47:48.658 [main] INFO  testCases.TC001_AccountRegistrationTest - Validating expected message...
14:47:48.754 [main] INFO  testCases.TC001_AccountRegistrationTest - ***** Finished TC001_AccountRegistrationTest *****
14:47:51.247 [main] INFO  testCases.TC002_LoginTest - ***** Starting TC002_LoginTest *****
14:47:53.260 [main] INFO  testCases.TC002_LoginTest - ***** Finished TC002_LoginTest *****
14:49:31.600 [main] INFO  testCases.TC001_AccountRegistrationTest - ***** Starting TC001_AccountRegistrationTest *****
14:49:31.936 [main] INFO  testCases.TC001_AccountRegistrationTest - Clicked on MyAccount Link
14:49:32.658 [main] INFO  testCases.TC001_AccountRegistrationTest - Clicked on Register Link
14:49:32.670 [main] INFO  testCases.TC001_AccountRegistrationTest - Proving Customer Details.......
14:49:34.116 [main] INFO  testCases.TC001_AccountRegistrationTest - Validating expected message...
14:49:34.173 [main] INFO  testCases.TC001_AccountRegistrationTest - ***** Finished TC001_AccountRegistrationTest *****
14:49:40.242 [main] INFO  testCases.TC002_LoginTest - ***** Starting TC002_LoginTest *****
14:49:42.073 [main] INFO  testCases.TC002_LoginTest - ***** Finished TC002_LoginTest *****
14:50:32.010 [main] INFO  testCases.TC001_AccountRegistrationTest - ***** Starting TC001_AccountRegistrationTest *****
14:50:32.314 [main] INFO  testCases.TC001_AccountRegistrationTest - Clicked on MyAccount Link
14:50:33.008 [main] INFO  testCases.TC001_AccountRegistrationTest - Clicked on Register Link
14:50:33.014 [main] INFO  testCases.TC001_AccountRegistrationTest - Proving Customer Details.......
14:50:34.677 [main] INFO  testCases.TC001_AccountRegistrationTest - Validating expected message...
14:50:34.761 [main] INFO  testCases.TC001_AccountRegistrationTest - ***** Finished TC001_AccountRegistrationTest *****
